Abelha.
Adalberto Camargo.
Ademir Assuncao.
Ado Malagoli.
Airton Garcia Ferreira.
Alan Henrique Costa.
Alberto Rafael Silva.
Aldo Demarchi.
Alfredo Ellis Jr.
Almerindo Luis Zotarelli.
Antonio Adolfo Lobbe.
Antonio Christofoletti.
Antonio de Siqueira Campos.
Antonio Donato.
Antonio Fernando Brochini.
Antonio Massei.
Antonio Roque Citadini.
Ari Clemente.
Armandinho.
Athos Abramo.
Beatriz Zaneratto Joao.
Bento de Abreu Sampaio Vidal.
Bento Ferraz.
Bete Calligaris.
Candido Padin.
Careca.
Carla Moreno.
Carla Tiene.
Carlos de Camargo Sales.
Carlos de Meira Mattos.
Carlos Hilsdorf.
Carlos Leoncio de Magalhaes.
Chica Lopes.
Cleber Antonio Oliveira.
Clodoaldo Medina.
Dalva de Oliveira.
Daniel Rossi.
Dom Salvador.
Dorival Junior.
Douglas Lima Onca.
Dudu.
Edgar Bruno da Silva.
Edneusa Dorta.
Eduardo Mancini.
Eliana Silva.
Elias Fausto Pacheco Jordao.
Erasmo de Carvalho Braga.
Ernesto Lia.
Euripedes Malavolta.
Fabio Aurelio.
Fabio Gomes.
Faustino.
Fausto Maule.
Felipe El Debs.
Felipe Santana.
Fernanda Emerick.
Fernanda Venturini.
Fernando Coda Marques.
Fernando Ribeiro do Val.
Filipe Fuzaro.
Francisco Tardivo Delben.
Gil Martins Felippe.
Guerino Grosso.
Henrique Plombon Pinheiro.
Herbert Richers.
Herman Voorwald.
Honorio Fernandes Monteiro.
Ignacio de Loyola Brandao.
Irineu Monteiro de Pinho.
Itamar Antonio Bellasalma.
Ito Roque.
Izabel Goulart.
Joanna Mary Ribeiro Freire de Carvalho e Silva.
Joao Goncalves Filho.
Joao Jose Galhardo.
Joao Pedro Gustin.
Joao Rehder Neto.
Joao Sabino.
Joaquim de Abreu Sampaio Vidal.
Jose Arthur Giannotti.
Jose Bento Carlos Amaral.
Jose Castellani.
Jose Celso Martinez Correa.
Jose Cutrale Junior.
Jose Mariano Correia de Camargo Aranha.
Jose Roberto de Toledo.
Jose Silveira Sampaio.
Jose Tadeu Mouro Junior.
Jose Zavaglia.
Karen Rocha.
Klebs Junior.
Lafael Petroni.
Lauro Cesar Chaman.
Leandro Donizete.
Leo Cittadini.
Lineu de Paula Machado.
Liniker.
Livio Abramo.
Luis Antonio Martinez Correa.
Luiz Augusto Zanon.
Luiz Bento Palamone.
Luiz Eduardo Anelli.
Luiz Roberto Salinas Fortes.
Luiza Garlippe.
Marcelo Barbieri.
Marcelo Machado.
Marcelo Picchi.
Marcos Antonio Tavoni.
Maria Angelica de Sousa Queiros.
Maria Dilnah.
Maria Heloisa Penteado.
Maria Sguassabia.
Mario Masagao.
Mario Tolentino.
Marquinho Amaral.
Mauro Raphael.
Maurren Maggi.
Max Robert.
Michele Chagas.
Nene Hilario.
Neurivaldo Jose de Guzzi.
Nezinho dos Santos.
Niceia Camargo.
Nicola Petti.
Noe von Atzingen.
Orlando Bianchini.
Orlando Momente.
Osmar Alberto Volpe.
Pardinho.
Paulo Barbosa de Campos Filho.
Paulo Cesar de Oliveira.
Paulo Fiorilo.
Paulo Kunze.
Paulo Lepetit.
Pedro Salvador.
Pedro Zavagli.
Rafael Marques Mariano.
Raul Brunini.
Reinaldo Polito.
Ricardo Serafim.
Roberto Massafera.
Roberto Montoro.
Roberto Oliveira.
Rodolfo Arena.
Roger Bernardo.
Rogerio Soares Gameleira.
Romulo Lupo.
Ronald Golias.
Rosa Branca.
Roseli Gustavo.
Rubens Augusto de Souza Espinola.
Rubens Borba de Moraes.
Rubens do Amaral.
Ruth Cardoso.
Sara Winter.
Sebastiao Seabra.
Sergio Guedes.
Sidney Cinti.
Silvio Antonio.
Talin.
Thiago Silva.
Tiao Davila.
Valdir Benedito.
Valtinho da Silva.
Vera Mancini.
Vica.
Vicente Botta.
Vinicius Donola.
Virgilio de Pauli.
Vivian Segnini.
Waldemar de Santi.
Wanda Marchetti.
William Silvio Modesto.
Wilson Luiz Seneme.
Zilda Mayo.
0
0
1
0
1
0
0
1
0
0
0
0
1
0
1
1
0
0
0
0
1
1
