263.22 205.84 28.12 33.38 108.48 173.01 177.96 199.97 86.63 232.73 98.89 56.93 295.31 1.07 248.22 99.44 56.46 287.59 275.68 209.72 36.34 205.74 115.15 232.28 282.92 274.88 258.58 61.06 238.10 164.41 89.19 271.48 272.89 149.44 172.86 48.83 82.17 259.37 147.72 139.10 148.79 87.32 54.13 218.27 41.72 180.93 147.73 251.44 217.28 53.46 66.59 149.56 36.38 41.47 108.13 97.44 279.57 272.55 186.63 251.05 245.44 148.82 100.49 118.30 197.65 182.66 77.67 45.37 21.76 32.35 194.16 109.08 86.48 99.42 27.34 128.20 280.35 175.07 79.64 197.62 228.53 146.23 47.18 264.91 187.70 62.35 167.27 127.86 248.98 118.32 73.30 97.80 218.81 295.45 101.47 269.27 40.82 123.24 1.62 234.98 232.32 88.10 34.40 259.66 216.30 14.75 134.73 295.94 63.26 142.17 259.55 28.18 29.87 114.87 90.53 197.14 242.73 39.51 15.45 16.03 137.31 234.26 207.62 132.77 35.73 176.89 173.59 158.97 178.51 108.58 91.29 266.62 142.98 50.95 182.92 157.72 185.68 178.86 70.10 248.94 21.03 29.65 277.12 144.52 67.65 248.03 87.25 107.16 263.48 244.47 197.74 10.90 77.24 187.79 250.83 92.45 66.30 59.41 183.73 32.92 202.38 234.68 215.84 60.11 94.70 130.20 69.30 115.72 159.85 46.42 166.62 4.37 114.06 114.65 91.62 221.22 78.13 194.90 165.69 275.88 205.80 242.94 209.35 93.59 193.77 159.89 253.17 185.53 192.81 155.55 120.21 108.65 215.66 240.57 203.34 45.86 9.87 19.07 205.72 185.69 210.09 170.35 0.34 1.71 78.47 196.61 257.27 54.35 102.41 200.20 263.70 195.99 93.97 265.50 55.88 47.14 151.04 248.69 202.70 57.33 118.36 211.82 260.68 164.22 221.69 279.75 69.94 165.43 280.03 148.32 165.77 281.74 239.89 244.24 178.35 197.16 298.59 280.76 97.36 262.29 176.75 191.33 227.80 232.63 238.47 78.84 181.31 141.17 50.09 238.65
263.22 205.84 28.12 33.38 108.48 173.01 177.96 199.97 86.63 232.73 98.89 56.93 295.31 1.07 248.22 99.44 56.46 287.59 275.68 209.72 36.34 205.74 115.15 232.28 282.92 274.88 258.58 61.06 238.10 164.41 89.19 271.48 272.89 149.44 172.86 48.83 82.17 259.37 147.72 139.10 148.79 87.32 54.13 218.27 41.72 180.93 147.73 251.44 217.28 53.46 66.59 149.56 36.38 41.47 108.13 97.44 279.57 272.55 186.63 251.05 245.44 148.82 100.49 118.30 197.65 182.66 77.67 45.37 21.76 32.35 194.16 109.08 86.48 99.42 27.34 128.20 280.35 175.07 79.64 197.62 228.53 146.23 47.18 264.91
263.22 205.84 28.12 33.38 108.48 173.01 177.96 199.97 86.63 232.73 98.89 56.93 295.31 1.07 248.22 99.44 56.46 287.59 275.68 209.72 36.34 205.74 115.15 232.28 282.92 274.88 258.58 61.06
263.22 205.84 28.12 33.38 108.48 173.01 177.96 199.97 86.63 232.73
263.22 205.84 28.12 33.38
263.22 205.84
263.22
205.84
28.12
33.38
108.48 173.01 177.96
108.48
173.01
177.96
199.97 86.63 232.73
199.97
86.63
232.73
98.89 56.93 295.31 1.07 248.22 99.44 56.46 287.59 275.68
98.89 56.93 295.31
98.89
56.93
295.31
1.07 248.22 99.44
1.07
248.22
99.44
56.46 287.59 275.68
56.46
287.59
275.68
209.72 36.34 205.74 115.15 232.28 282.92 274.88 258.58 61.06
209.72 36.34 205.74
209.72
36.34
205.74
115.15 232.28 282.92
115.15
232.28
282.92
274.88 258.58 61.06
274.88
258.58
61.06
238.10 164.41 89.19 271.48 272.89 149.44 172.86 48.83 82.17 259.37 147.72 139.10 148.79 87.32 54.13 218.27 41.72 180.93 147.73 251.44 217.28 53.46 66.59 149.56 36.38 41.47 108.13 97.44
238.10 164.41 89.19 271.48 272.89 149.44 172.86 48.83 82.17 259.37
238.10 164.41 89.19 271.48
238.10 164.41
238.10
164.41
89.19
271.48
272.89 149.44 172.86
272.89
149.44
172.86
48.83 82.17 259.37
48.83
82.17
259.37
147.72 139.10 148.79 87.32 54.13 218.27 41.72 180.93 147.73
147.72 139.10 148.79
147.72
139.10
148.79
87.32 54.13 218.27
87.32
54.13
218.27
41.72 180.93 147.73
41.72
180.93
147.73
251.44 217.28 53.46 66.59 149.56 36.38 41.47 108.13 97.44
251.44 217.28 53.46
251.44
217.28
53.46
66.59 149.56 36.38
66.59
149.56
36.38
41.47 108.13 97.44
41.47
108.13
97.44
279.57 272.55 186.63 251.05 245.44 148.82 100.49 118.30 197.65 182.66 77.67 45.37 21.76 32.35 194.16 109.08 86.48 99.42 27.34 128.20 280.35 175.07 79.64 197.62 228.53 146.23 47.18 264.91
279.57 272.55 186.63 251.05 245.44 148.82 100.49 118.30 197.65 182.66
279.57 272.55 186.63 251.05
279.57 272.55
279.57
272.55
186.63
251.05
245.44 148.82 100.49
245.44
148.82
100.49
118.30 197.65 182.66
118.30
197.65
182.66
77.67 45.37 21.76 32.35 194.16 109.08 86.48 99.42 27.34
77.67 45.37 21.76
77.67
45.37
21.76
32.35 194.16 109.08
32.35
194.16
109.08
86.48 99.42 27.34
86.48
99.42
27.34
128.20 280.35 175.07 79.64 197.62 228.53 146.23 47.18 264.91
128.20 280.35 175.07
128.20
280.35
175.07
79.64 197.62 228.53
79.64
197.62
228.53
146.23 47.18 264.91
146.23
47.18
264.91
187.70 62.35 167.27 127.86 248.98 118.32 73.30 97.80 218.81 295.45 101.47 269.27 40.82 123.24 1.62 234.98 232.32 88.10 34.40 259.66 216.30 14.75 134.73 295.94 63.26 142.17 259.55 28.18 29.87 114.87 90.53 197.14 242.73 39.51 15.45 16.03 137.31 234.26 207.62 132.77 35.73 176.89 173.59 158.97 178.51 108.58 91.29 266.62 142.98 50.95 182.92 157.72 185.68 178.86 70.10 248.94 21.03 29.65 277.12 144.52 67.65 248.03 87.25 107.16 263.48 244.47 197.74 10.90 77.24 187.79 250.83 92.45 66.30 59.41 183.73 32.92 202.38 234.68 215.84 60.11 94.70 130.20 69.30
187.70 62.35 167.27 127.86 248.98 118.32 73.30 97.80 218.81 295.45 101.47 269.27 40.82 123.24 1.62 234.98 232.32 88.10 34.40 259.66 216.30 14.75 134.73 295.94 63.26 142.17 259.55 28.18
187.70 62.35 167.27 127.86 248.98 118.32 73.30 97.80 218.81 295.45
187.70 62.35 167.27 127.86
187.70 62.35
187.70
62.35
167.27
127.86
248.98 118.32 73.30
248.98
118.32
73.30
97.80 218.81 295.45
97.80
218.81
295.45
101.47 269.27 40.82 123.24 1.62 234.98 232.32 88.10 34.40
101.47 269.27 40.82
101.47
269.27
40.82
123.24 1.62 234.98
123.24
1.62
234.98
232.32 88.10 34.40
232.32
88.10
34.40
259.66 216.30 14.75 134.73 295.94 63.26 142.17 259.55 28.18
259.66 216.30 14.75
259.66
216.30
14.75
134.73 295.94 63.26
134.73
295.94
63.26
142.17 259.55 28.18
142.17
259.55
28.18
29.87 114.87 90.53 197.14 242.73 39.51 15.45 16.03 137.31 234.26 207.62 132.77 35.73 176.89 173.59 158.97 178.51 108.58 91.29 266.62 142.98 50.95 182.92 157.72 185.68 178.86 70.10 248.94
29.87 114.87 90.53 197.14 242.73 39.51 15.45 16.03 137.31 234.26
29.87 114.87 90.53 197.14
29.87 114.87
29.87
114.87
90.53
197.14
242.73 39.51 15.45
242.73
39.51
15.45
16.03 137.31 234.26
16.03
137.31
234.26
207.62 132.77 35.73 176.89 173.59 158.97 178.51 108.58 91.29
207.62 132.77 35.73
207.62
132.77
35.73
176.89 173.59 158.97
176.89
173.59
158.97
178.51 108.58 91.29
178.51
108.58
91.29
266.62 142.98 50.95 182.92 157.72 185.68 178.86 70.10 248.94
266.62 142.98 50.95
266.62
142.98
50.95
182.92 157.72 185.68
182.92
157.72
185.68
178.86 70.10 248.94
178.86
70.10
248.94
21.03 29.65 277.12 144.52 67.65 248.03 87.25 107.16 263.48 244.47 197.74 10.90 77.24 187.79 250.83 92.45 66.30 59.41 183.73 32.92 202.38 234.68 215.84 60.11 94.70 130.20 69.30
21.03 29.65 277.12 144.52 67.65 248.03 87.25 107.16 263.48
21.03 29.65 277.12
21.03
29.65
277.12
144.52 67.65 248.03
144.52
67.65
248.03
87.25 107.16 263.48
87.25
107.16
263.48
244.47 197.74 10.90 77.24 187.79 250.83 92.45 66.30 59.41
244.47 197.74 10.90
244.47
197.74
10.90
77.24 187.79 250.83
77.24
187.79
250.83
92.45 66.30 59.41
92.45
66.30
59.41
183.73 32.92 202.38 234.68 215.84 60.11 94.70 130.20 69.30
183.73 32.92 202.38
183.73
32.92
202.38
234.68 215.84 60.11
234.68
215.84
60.11
94.70 130.20 69.30
94.70
130.20
69.30
115.72 159.85 46.42 166.62 4.37 114.06 114.65 91.62 221.22 78.13 194.90 165.69 275.88 205.80 242.94 209.35 93.59 193.77 159.89 253.17 185.53 192.81 155.55 120.21 108.65 215.66 240.57 203.34 45.86 9.87 19.07 205.72 185.69 210.09 170.35 0.34 1.71 78.47 196.61 257.27 54.35 102.41 200.20 263.70 195.99 93.97 265.50 55.88 47.14 151.04 248.69 202.70 57.33 118.36 211.82 260.68 164.22 221.69 279.75 69.94 165.43 280.03 148.32 165.77 281.74 239.89 244.24 178.35 197.16 298.59 280.76 97.36 262.29 176.75 191.33 227.80 232.63 238.47 78.84 181.31 141.17 50.09 238.65
115.72 159.85 46.42 166.62 4.37 114.06 114.65 91.62 221.22 78.13 194.90 165.69 275.88 205.80 242.94 209.35 93.59 193.77 159.89 253.17 185.53 192.81 155.55 120.21 108.65 215.66 240.57 203.34
115.72 159.85 46.42 166.62 4.37 114.06 114.65 91.62 221.22 78.13
115.72 159.85 46.42 166.62
115.72 159.85
115.72
159.85
46.42
166.62
4.37 114.06 114.65
4.37
114.06
114.65
91.62 221.22 78.13
91.62
221.22
78.13
194.90 165.69 275.88 205.80 242.94 209.35 93.59 193.77 159.89
194.90 165.69 275.88
194.90
165.69
275.88
205.80 242.94 209.35
205.80
242.94
209.35
93.59 193.77 159.89
93.59
193.77
159.89
253.17 185.53 192.81 155.55 120.21 108.65 215.66 240.57 203.34
253.17 185.53 192.81
253.17
185.53
192.81
155.55 120.21 108.65
155.55
120.21
108.65
215.66 240.57 203.34
215.66
240.57
203.34
45.86 9.87 19.07 205.72 185.69 210.09 170.35 0.34 1.71 78.47 196.61 257.27 54.35 102.41 200.20 263.70 195.99 93.97 265.50 55.88 47.14 151.04 248.69 202.70 57.33 118.36 211.82 260.68
45.86 9.87 19.07 205.72 185.69 210.09 170.35 0.34 1.71 78.47
45.86 9.87 19.07 205.72
45.86 9.87
45.86
9.87
19.07
205.72
185.69 210.09 170.35
185.69
210.09
170.35
0.34 1.71 78.47
0.34
1.71
78.47
196.61 257.27 54.35 102.41 200.20 263.70 195.99 93.97 265.50
196.61 257.27 54.35
196.61
257.27
54.35
102.41 200.20 263.70
102.41
200.20
263.70
195.99 93.97 265.50
195.99
93.97
265.50
55.88 47.14 151.04 248.69 202.70 57.33 118.36 211.82 260.68
55.88 47.14 151.04
55.88
47.14
151.04
248.69 202.70 57.33
248.69
202.70
57.33
118.36 211.82 260.68
118.36
211.82
260.68
164.22 221.69 279.75 69.94 165.43 280.03 148.32 165.77 281.74 239.89 244.24 178.35 197.16 298.59 280.76 97.36 262.29 176.75 191.33 227.80 232.63 238.47 78.84 181.31 141.17 50.09 238.65
164.22 221.69 279.75 69.94 165.43 280.03 148.32 165.77 281.74
164.22 221.69 279.75
164.22
221.69
279.75
69.94 165.43 280.03
69.94
165.43
280.03
148.32 165.77 281.74
148.32
165.77
281.74
239.89 244.24 178.35 197.16 298.59 280.76 97.36 262.29 176.75
239.89 244.24 178.35
239.89
244.24
178.35
197.16 298.59 280.76
197.16
298.59
280.76
97.36 262.29 176.75
97.36
262.29
176.75
191.33 227.80 232.63 238.47 78.84 181.31 141.17 50.09 238.65
191.33 227.80 232.63
191.33
227.80
232.63
238.47 78.84 181.31
238.47
78.84
181.31
141.17 50.09 238.65
141.17
50.09
238.65

Os Trabalhadores do Mar, R$0.34
1984, R$1.07
A Vida de Pi, R$1.62
A Divina Comedia, R$1.71
A Roda do Tempo, R$4.37
Divergente, R$9.87
The Revolt of Mamie Stover, R$10.90
A Menina e o Porquinho, R$14.75
Star Wars, R$15.45
San-Antonio, R$16.03
Utopia, R$19.07
Uma Lagarta Muito Comilona, R$21.03
Laranja Mecanica, R$21.76
Decamerao, R$27.34
Metamorfoses, R$28.12
Love You Forever, R$28.18
As Aventuras de Paddington, R$29.65
O Que Esperar Quando Voce Esta Esperando, R$29.87
James Bond, R$32.35
Ensaios, R$32.92
Huckleberry Finn, R$33.38
Viagens na Minha Terra, R$34.40
A Historia do Coelho Pedro, R$35.73
Anjos e Demonios, R$36.34
O Grande Gatsby, R$36.38
Robert Langdon, R$39.51
O Vale das Bonecas, R$40.82
O Jardim dos Esquecidos, R$41.47
O Velho e o Mar, R$41.72
Dom Quixote, R$45.37
Ciclo da Heranca, R$45.86
O Aleph, R$46.42
O Quinze, R$47.14
Berenstain Bears, R$47.18
Passaros Feridos, R$48.83
As Aventuras de Pinoquio, R$50.09
Uma Dobra no Tempo, R$50.95
O Diario de um Banana, R$53.46
Iliada, R$54.13
Paris e uma Festa, R$54.35
Duna, R$55.88
Fear of Flying, R$56.46
Olhai os Lirios do campo, R$56.93
Noddy, R$57.33
Tao Te Ching, R$59.41
Candido ou O Otimismo, R$60.11
Hamlet, R$61.06
edipo Rei, R$62.35
O Nome da Rosa, R$63.26
O Vermelho e o Negro, R$66.30
O Pequeno Principe, R$66.59
Clifford, R$67.65
Uma Vida com Propositos, R$69.30
Dirk Pitt, R$69.94
A Torre Negra, R$70.10
Perry Mason, R$73.30
Memorias do Subsolo, R$77.24
Sweet Valley High, R$77.67
Suma Teologica, R$78.13
Os Pilares da Terra, R$78.47
O Conde de Monte Cristo, R$78.84
Era uma Vez em Watership Down, R$79.64
Grandes Esperancas, R$82.17
As Cronicas de Sookie Stackhouse, R$86.48
A Cabana, R$86.63
A Aliciadora Feliz, R$87.25
Libertinagem, R$87.32
Pense e Enriqueca, R$88.10
A ilha do tesouro, R$89.19
Guerra e Paz, R$90.53
A Historia Sem Fim, R$91.29
Sonetos, R$91.62
Os Tres Mosqueteiros, R$92.45
O Retrato de Dorian Gray, R$93.59
O Apanhador no Campo de Centeio, R$93.97
Rainbow Magic, R$94.70
Zadig, R$97.36
Maisy, R$97.44
Uma Historia de Amor, R$97.80
A Comedia Humana, R$98.89
Harry Potter e o Prisioneiro de Azkaban, R$99.42
Robinson Crusoe, R$99.44
A Culpa e das Estrelas, R$100.49
O Pequeno Rincao de Deus, R$101.47
As Aventuras de Huckleberry Finn, R$102.41
O Guia do Mochileiro das Galaxias, R$107.16
Adivinha Quanto Eu Te Amo, R$108.13
Crepusculo, R$108.48
Dieta de South Beach, R$108.58
A Historia do Pedro Coelho, R$108.65
Junie, R$109.08
Magic, R$114.06
Cem Anos de Solidao, R$114.65
A Revolucao dos Bichos, R$114.87
Goosebumps, R$115.15
Moby Dick, R$115.72
Analectos, R$118.30
Jack Reacher, R$118.32
A Fantastica Fabrica de Chocolate, R$118.36
Onde Vivem os Monstros, R$120.21
Serie da Fundacao, R$123.24
Tubarao, R$127.86
Heidi, R$128.20
Choose Your Own Adventure, R$130.20
Shannara, R$132.77
Harry Potter, R$134.73
Elogio da Loucura, R$137.31
Fahrenheit 451, R$139.10
Vidas Paralelas, R$141.17
O Morro dos Ventos Uivantes, R$142.17
Frank Merriwell, R$142.98
Os Sofrimentos do Jovem Werther, R$144.52
O Mundo de Sofia, R$146.23
As Cronicas de Gelo e Fogo, R$147.72
O Poder do Pensamento Positivo, R$147.73
O Tempo e o Vento, R$148.32
O Encantador de Cavalos, R$148.79
A montanha magica, R$148.82
Dom Casmurro, R$149.44
Macunaima, R$149.56
Millennium, R$151.04
As Vinhas da Ira, R$155.55
A Volta ao Mundo em 80 Dias, R$157.72
Oliver Twist, R$158.97
Ramona, R$159.85
etica a Nicomaco, R$159.89
Morgan Kane, R$164.22
Ramayana, R$164.41
O Fantasma da opera, R$165.43
Anne of Green Gables, R$165.69
A Jovem Guarda, R$165.77
Dork Diaries, R$166.62
O Ursinho Puff, R$167.27
Mrs Dalloway, R$170.35
The Baby-sitters Club, R$172.86
O Simbolo Perdido, R$173.01
Eugene Onegin, R$173.59
Nihonshoki, R$175.07
Os Irmaos Karamazov, R$176.75
Dieta Dukan, R$176.89
Confissoes, R$177.96
Mensagem a Garcia, R$178.35
Os Homens que Nao Amavam as Mulheres, R$178.51
A escrava Isaura, R$178.86
O Segredo, R$180.93
Mensagem, R$181.31
A Sombra do Vento, R$182.66
O Poderoso Chefao, R$182.92
O Cancioneiro, R$183.73
Eneida, R$185.53
Mahabharata, R$185.68
Artemis Fowl, R$185.69
Crime e castigo, R$186.63
As Aventuras do Capitao Cueca, R$187.70
Jornada ao Oeste, R$187.79
Auto da Barca do Inferno, R$191.33
As viagens de Gulliver, R$192.81
Gitanjali, R$193.77
Decouvertes, R$194.16
As Cronicas de Narnia, R$194.90
O Senhor das Moscas, R$195.99
Os Maias, R$196.61
Mil Novecentos e Oitenta e Quatro, R$197.14
O Idiota, R$197.16
Os Miseraveis, R$197.62
O Principe 	Maquiavel, R$197.65
Voce pode curar sua vida, R$197.74
Vidas Secas, R$199.97
The Railway, R$200.20
Sidarta, R$202.38
Harry Potter e a Ordem da Fenix, R$202.70
O Falecido Grande Planeta Terra, R$203.34
Outlander, R$205.72
Boa Noite Lua, R$205.74
Walden, R$205.80
Almas Mortas, R$205.84
A aguia Pousou, R$207.62
Mr. Men, R$209.35
Ana Karenina, R$209.72
Caim e Abel, R$210.09
Left Behind, R$211.82
Fernao Capelo Gaivota, R$215.66
Dragonlance, R$215.84
Orgulho e Preconceito, R$216.30
Arte da Guerra, R$217.28
Os Filhos da Terra, R$218.27
As Tercas com Morrie, R$218.81
Kurt Wallander, R$221.22
Rua do Medo, R$221.69
As Flores do Mal, R$227.80
Harry Potter e as Reliquias da Morte, R$228.53
Gargantua e Pantagruel, R$232.28
Desventuras em Serie, R$232.32
Sermoes, R$232.63
Quincas Borba, R$232.73
Historia da Guerra do Peloponeso, R$234.26
Confucius from the Heart, R$234.68
A Arte de Amar, R$234.98
Memorial do Convento, R$238.10
Iracema, R$238.47
O Senhor dos Aneis, R$238.65
Tarzan, R$239.89
A Peste, R$240.57
One Piece, R$242.73
Memorias de um sargento de milicias, R$242.94
Memorias Postumas de Bras Cubas, R$244.24
O Processo, R$244.47
Satiricon, R$245.44
O diario secreto de um adolescente, R$248.03
Os Demonios, R$248.22
Discworld, R$248.69
A Espada da Verdade, R$248.94
A Republica, R$248.98
Kojiki ou Furukotofumi, R$250.83
The Bobbsey Twins, R$251.05
Madame Bovary, R$251.44
Uma Pequena Casa na Campina, R$253.17
O Corcunda de Notre-Dame, R$257.27
Martine, R$258.58
The Hardy Boys, R$259.37
Brain Quest series, R$259.55
Em busca do tempo perdido, R$259.66
O Perfume, R$260.68
A Profecia Celestina, R$262.29
Primeiras Estorias, R$263.22
Jogos Vorazes, R$263.48
Os Sertoes, R$263.70
Odissei, R$264.91
Admiravel Mundo Novo, R$265.50
Harry Potter e o Calice de Fogo, R$266.62
Redwal, R$269.27
Horrible Histories, R$271.48
The Destroyer, R$272.55
Harry Potter e o Enigma do Principe, R$272.89
Triste Fim de Policarpo Quaresma, R$274.88
Diario de Anne Frank, R$275.68
O Vento nos Salgueiros, R$275.88
The Poky Little Puppy, R$277.12
O Sol e Para Todos, R$279.57
O Leao, R$279.75
Cronicas Vampirescas, R$280.03
Esperando Godot, R$280.35
Os Lusiadas, R$280.76
The Outsiders, R$281.74
Seus Pontos Fracos, R$282.92
Harry Potter e a Camara Secreta, R$287.59
Historias, R$295.31
Harry Bosch, R$295.45
As Aventuras de Tom Sawyer, R$295.94
O Doador, R$298.59
