100000
a
constitucionalizar-lhes-emos
1021
10
carpinteirar-te-iamos
mialgia
miamos
miar-lha
miar-lhe-iamos
miar-lhes-as
miar-lhes-ei
miar-lhes-eis
miar-lhes-emos
miar-lhes-ia
miar-me
miar-me-ei
miar-me-emos
miar-me-iam
miar-se-iam
miar-te-ao
miar-vos
miara
miaras
miareis
miaremos
miasmas
miassemos
micenica
microbio
microbiologia
microbiologos
microclima
microcomputadores
microfisica
microfono
microfotografo
microgramas
micrograva-lo-as
micrograva-lo-eis
microgravam
microgravamos
microgravar-lhe-iam
microgravar-lhes-as
microgravar-lhes-iam
microgravar-lhes-iamos
microgravar-lhos
microgravar-me-eis
microgravar-nos-as
microgravar-se
microgravar-se-ao
microgravar-vos-emos
microgravarei
microgravarieis
microgravavamos
micrograveis
micrometro
microscopia
migalho
migando
migareis
migaria
migrados
migramos
migrante
migrar-lhe-as
migrar-lhe-iam
migrar-nos-a
migrar-nos-ias
migrar-se
migrar-vos
migrara
migrarei
mijadeiro
mijai
mijar-lha
mijar-lhe
mijar-lhes-as
mijar-lhes-ias
mijar-lho
mijar-me-iam
mijar-nos
mijar-nos-emos
mijar-nos-iam
mijar-nos-ias
mijar-se
mijar-te-ias
mijaras
mijariamos
mijassem
mijastes
mijavas
milanesas
milesimas
milesimo
milhal
milhao
milionaria
milissegundo
militam
militar-lhes-iamos
militar-me-emos
militar-nos-as
militar-nos-iam
militar-te
militar-te-a
militarao
militaristas
militariza
militariza-la
militariza-lo-ei
militarizar-lhes
militarizar-lhes-emos
militarizar-nos-eis
militarizar-te-ei
militarizar-vos-iamos
militarizar-vos-ieis
militarizara
militarizarem
militarizasse
militarizei
mima-las
mimalhos
mimar-lha
mimar-lhes-a
mimar-lhes-ao
mimar-me
mimar-se-ao
mimar-te-iamos
mimasse
mimetizar-lhe-a
mimetizar-lhes-ia
mimetizar-lhes-iam
mimetizar-me-as
mimetizar-nos-iamos
mimetizar-nos-ias
mimetizar-te
mimetizar-te-ei
mimetizara
mimetizariamos
mimetizassem
mimetizastes
mimetizem
mimicamente
mimosa
mimosea-lo-iam
mimosear-lhes-emos
mimosear-me-a
mimosear-nos-iamos
mimosear-se-ia
mimosear-te-ias
mimoseara
mimoseareis
mimoseasse
mimoseavamos
mimoseias
mimoseo
minamos
minar-nos-ia
minar-se-ia
minar-te-a
minar-te-ei
minar-vos-ao
minar-vos-iamos
minareis
minaretes
minavas
minemos
mineradas
mineraliza-los
mineralizai
mineralizamos
mineralizar
mineralizar-lhas
mineralizar-lhes
mineralizar-lhes-as
mineralizar-lhes-iamos
mineralizar-lho
mineralizar-me-ei
mineralizar-te-emos
mineralizar-vos-iamos
mineralizar-vos-ieis
mineralizarei
minerar-lhas
minerar-lhe
minerar-lhe-ao
minerar-lhes-ia
minerar-me
minerar-me-eis
minerar-nos-ao
minerar-nos-emos
minerar-se
minerar-se-ao
minerar-te-emos
minerar-vos
minerar-vos-ao
minerara
mineraras
minerareis
minerariamos
mineras
mineraste
minerava
mingados
mingar-lhes-a
mingar-lhes-eis
mingar-me-ao
mingar-me-emos
mingareis
mingaremos
mingarias
mingava
mingavamos
mingua-vos
minguai-lhe
minguai-lhos
minguais-lho
minguais-me
minguais-te
minguamos-lhas
minguar-lhe-ei
minguar-lhe-eis
minguar-lhe-iamos
minguar-lhe-ias
minguar-lhos
minguar-me
minguar-nos-eis
minguar-te-ao
minguar-te-ias
minguar-vos-as
minguar-vos-eis
minguardes
minguarieis
minguaveis
mingue
mingue-se
minguei
minguem-lhe
mingues-lhas
mingues-lhes
mingues-te
minguo
minguo-vos
minhoto
miniatura-lo-ao
miniatura-lo-iam
miniatura-lo-ias
miniaturam
miniaturar-lhe-ia
miniaturar-lhes-ias
miniaturar-nos-ao
miniaturar-nos-emos
miniaturar-se-a
miniaturar-vos-ias
miniaturariam
miniaturarias
miniaturastes
miniaturista
minimalistas
minimiza-lo-a
minimiza-lo-as
minimiza-lo-emos
minimizando
minimizar-nos-eis
minimizar-se-ao
minimizar-te-ei
minimizaras
minimizasseis
minimizavam
minimizavas
minimizei
ministerialista
ministra-lo-as
ministra-lo-emos
ministra-lo-ia
ministra-lo-ias
ministramos
ministrar-lhas
ministrar-me-iam
ministrar-nos-ao
ministrar-nos-eis
ministrar-vos-ei
ministrar-vos-ieis
ministrardes
ministraria
ministrarmos
ministrassemos
ministrava
ministremos
mino
minoramos
minorar-lhe-iam
minorar-lhe-ias
minorar-lhes-a
minorar-me-as
minorar-me-emos
minorar-me-iamos
minorar-nos-as
minorar-se-ia
minoraremos
minorasse
minotauriza-lo-a
minotauriza-lo-as
minotauriza-lo-ias
minotaurizada
minotaurizam
minotaurizar-lhe-ei
minotaurizar-lhes-ao
minotaurizar-me-as
minotaurizar-nos-eis
minotaurizar-se-a
minotaurizar-se-iam
minotaurizar-te-ao
minotaurizar-vos-as
minotaurizar-vos-ias
minotaurizastes
minotaurizavas
minta-te
mintais
mintais-lhas
mintais-vos
mintamos-lhas
minuscula
minuta-lo-as
minutador
minutar
minutar-lhe-ei
minutar-nos-iam
minutar-se-a
minutar-te-ao
minutar-te-ias
minutar-vos-ia
minutaremos
minutavam
minutaveis
minutemos
minutes
minutos
mioleira
mira-los
mirabolante
miracula
miracula-lo-a
miraculados
miracular
miracular-lhe
miracular-lhe-a
miracular-lhes-a
miracular-lhes-as
miracular-lhes-eis
miracular-lhes-ia
miracular-nos
miracular-nos-ias
miracular-te-iam
miracularas
miraculares
miracularias
miraculas
miraculavas
miraculo
miraculoso
mirar-lha
mirar-lhes-a
mirar-me-emos
mirar-se-ao
mirar-vos
mirar-vos-emos
mirar-vos-iamos
mirariamos
mirasseis
miravas
miriade
mirradas
mirradoras
mirradores
mirrados
mirrando
mirrar-lhe-ao
mirrar-lhe-ia
mirrar-lhes-ei
mirrar-te-iamos
mirrarao
mirrarem
mirrarieis
misantropo
misera-lo-ao
miseramos
miserar
miserar-te-a
miserar-te-ei
miserar-te-ia
miserar-te-iamos
miserar-vos-as
miserar-vos-ias
miseraram
miseraria
miserarias
miseras
miserava
misereis
miseria
misericordiosamente
missa-lo
missa-lo-iam
missa-lo-ias
missar-lhe-ao
missar-nos-iam
missar-se-iam
missar-te-ei
missaremos
missasses
missavam
missiona-lo
missiona-lo-emos
missionadas
missionais
missionar-lhes-iamos
missionar-nos
missionar-nos-ao
missionar-nos-eis
missionar-nos-iamos
missionar-se
missionar-te-ia
missionar-te-iamos
missionar-vos-a
missionar-vos-ei
missionaram
missionaramos
missionaria
missionarias
missionarios
missionava
missiva
misso
mistifica
mistifica-lo-ao
mistificadoras
mistificar-lhe-iamos
mistificassem
mistura-los
misturado
misturadores
misturai
misturais
misturar-me
misturar-nos-ia
misturar-te-iam
misturar-vos-eis
misturar-vos-ieis
misturardes
misturarmos
misturaveis
mitico
mitifica-lo-ieis
mitificamos
mitificar-lhas
mitificar-lhe
mitificar-lhe-iam
mitificar-lhes-a
mitificar-me-a
mitificar-me-as
mitificar-nos-iam
mitificar-te-as
mitificar-te-iam
mitificar-vos-ias
mitificar-vos-ieis
mitificareis
mitifique
mitifiquei
mitiga
mitiga-lo-ei
mitiga-lo-ias
mitiga-los
mitigadas
mitigados
mitigar
mitigar-lhes-emos
mitigar-me-ao
mitigar-me-iam
mitigar-nos-ias
mitigar-se-a
mitigar-te
mitigar-te-iam
mitigaramos
mitigaremos
mitigavas
mitologista
mitra-lo-ia
mitra-lo-iamos
mitrada
mitramos
mitrando
mitrar-lhe-iam
mitrar-lhes
mitrar-lhes-emos
mitrar-lhes-iam
mitrar-lhes-ias
mitrar-me-emos
mitrar-me-iam
mitrar-nos-as
mitrar-nos-eis
mitrar-te-emos
mitrar-vos-ia
mitrara
mitrara
disponde
