100000
i
constitucionalizar-lhes-iamos
768
13
deliberar-lhe-iamos
audacidades
audicao
auditeis
audites
auditora
auferem
auferir-lhe-emos
auferir-lhe-iam
auferir-lhes-iamos
auferir-me-a
auferir-me-emos
auferir-me-iam
auferir-nos-as
auferirmos
auferissem
auferisses
auge
augi-lo-ieis
augir-lha
augir-lhe-as
augir-lhe-ia
augir-me
augir-nos
augir-te-a
augir-te-iam
augir-vos-as
augiremos
augirmos
augura-lo-eis
augurar-lha
augurar-lhe-ao
augurar-lhes-as
augurar-nos
augurar-se-a
augurar-se-ia
augurardes
augurareis
augurareis
augurasse
augustinianos
aumenta-lo
aumenta-lo-ias
aumentar-lha
aumentar-lhe-eis
aumentar-lhes-eis
aumentar-lhes-ia
aumentar-nos
aumentar-te-ei
aumentar-vos-as
aumentar-vos-eis
aumentar-vos-emos
aumentar-vos-ia
aumentara
aumentarao
aumentareis
aumentarieis
aumentativo
aumentemos
aumentos
aunai-lho
aunai-se
aunais-se
aunam-lhos
aunamo-nos
aune-lha
aunem-lhe
aunem-lhes
aunem-te
aunes
aunes-lhos
aunes-nos
auno-lhas
auno-me
aureola
aureola-lo-ei
aureola-lo-emos
aureolados
aureolando
aureolar-lhas
aureolar-lhes-iam
aureolar-me-a
aureolar-me-ia
aureolar-te-ao
aureolar-vos-ei
aureolas
aureolavas
aurifica-lo-ia
aurifica-los
aurificar-lhas
aurificar-lhes
aurificar-lhes-ao
aurificar-lho
aurificar-me-as
aurificar-me-iam
aurificar-nos
aurificar-se
aurificar-se-ao
aurificar-te-emos
aurificaramos
aurificaremos
aurifico
aurifiquei
auroramos
aurorar-me-ao
aurorar-nos
aurorar-se-ao
aurorar-vos-iamos
auroraras
aurorarem
auroras
aurorassem
aurorescer-lhe-iam
aurorescer-lhe-ias
aurorescer-lhes
aurorescer-lhes-iamos
aurorescer-lhes-ias
aurorescer-nos-ia
aurorescer-te-emos
aurorescereis
auroresceu
aurorescia
aurorescidas
auroresco
ausculta-lo-a
ausculta-lo-emos
auscultacao
auscultam
auscultando
auscultar-lhes-ia
auscultar-me-as
auscultar-nos-eis
auscultar-nos-emos
auscultar-vos
auscultar-vos-a
auscultar-vos-emos
auscultar-vos-ias
auscultaras
auscultarmos
auscultavam
auscultes
auscultou
ausenta
ausentar-lhe-ei
ausentar-lhes-eis
ausentar-lhes-ia
ausentar-se
ausentar-te-emos
ausentarao
ausentareis
ausentassemos
ausentem
ausento
auspicia-lo-iamos
auspicia-lo-ieis
auspiciadora
auspiciais
auspiciam
auspiciar-lhe-ei
auspiciar-lhe-eis
auspiciar-lhe-ia
auspiciar-lhes-iamos
auspiciar-nos-ia
auspiciar-te-iam
auspiciar-vos-ei
auspiciar-vos-eis
auspiciastes
auspiciemos
auspicio
austeridades
austeriza-la
austeriza-lo
austeriza-lo-as
austeriza-lo-ia
austeriza-lo-iam
austerizamos
austerizar-lhes-eis
austerizar-lhes-iamos
austerizar-lho
austerizar-me-ias
austerizar-vos-as
austerizarem
austerizariam
austerizas
austerizassem
austerizastes
austerizaveis
austerizeis
austerizem
austeros
austriacos
autentica
autenticar-lhe-a
autenticar-lhe-iam
autenticar-me-ei
autenticar-me-iamos
autenticar-nos-ao
autenticar-nos-iamos
autenticar-nos-ias
autenticar-te-ao
autenticar-vos
autenticar-vos-emos
autenticar-vos-iamos
autenticaras
autenticaveis
autentificai
autentificar-lhe-ias
autentificar-me-ao
autentificar-me-ei
autentificar-nos-eis
autentificar-nos-iamos
autentificar-vos-iamos
autentificariam
autentificarieis
autentificasse
autentificassemos
autentificasses
autentifiquemos
auto-avaliar
auto-radio
auto-suficiencias
auto-sugestionamos
auto-sugestionar-lhe
auto-sugestionar-lhe-a
auto-sugestionar-lhe-iamos
auto-sugestionar-lhes-iam
auto-sugestionar-lhes-iamos
auto-sugestionar-lho
auto-sugestionar-me-eis
auto-sugestionar-me-emos
auto-sugestionar-me-iamos
auto-sugestionar-se-ia
auto-sugestionar-te-ao
auto-sugestionar-vos-ieis
auto-sugestionaras
auto-sugestiono
autobiografica
autocarro
autocolante
autocombustao
autocopia-los
autocopiar-lhe-ei
autocopiar-lhes
autocopiar-nos-ao
autocopiar-vos
autocopiar-vos-a
autocopiariamos
autocopiassemos
autocopiavas
autocraticas
autoctonias
autoctonismo
autodestruicao
autodeterminacao
autodidacta
autografa-las
autografa-lo-ao
autografa-lo-ieis
autografamos
autografar-me-ei
autografar-me-iam
autografar-nos-emos
autografar-se-iam
autografar-te-iamos
autografaram
autografarei
autografas
autografavam
autografavas
autografe
autografes
automaticos
automatiza-lo
automatizam
automatizamos
automatizar-lhes-emos
automatizar-lho
automatizar-nos-iam
automatizar-te-as
automatizar-te-iam
automatizar-vos-iamos
automatizares
automatizas
automatizei
automobilista
automobiliza-lo-ei
automobiliza-lo-ieis
automobilizadas
automobilizar-lhe
automobilizar-me-a
automobilizar-me-ei
automobilizar-me-ia
automobilizar-nos-ia
automobilizar-nos-iam
automobilizar-te-a
automobilizar-vos-a
automobilizaramos
automobilizarei
automobilizareis
automorficas
automorficos
autonomismo
autonomistas
autonomizadas
autonomizar-me-ao
autonomizar-se-a
autonomizar-vos-ieis
autonomizarao
autonomizariam
autopsia
autopsiar-lhe-ias
autopsiar-lhes-ao
autopsiar-lhes-iamos
autopsiar-me-ias
autopsiar-nos-ias
autopsiar-vos
autopsiarem
autopsiarias
autopsiasse
autoptico
autoridade
autoridades
autoriza-lo
autorizar-lhe-iamos
autorizar-lhes-ao
autorizar-lhes-ia
autorizar-me-emos
autorizar-nos-iam
autorizar-te-ei
autorizar-te-iamos
autorizar-te-ias
autorizaremos
autorizariamos
autorizarieis
autorizaste
autorizastes
autorizavam
autorizes
autua-los
autuado
autuar-lhes-as
autuar-me
autuar-nos-ao
autuar-nos-ia
autuar-nos-ias
autuar-vos-ei
autuar-vos-emos
autuar-vos-ia
autuaramos
autuareis
autuaremos
autuastes
autuavas
autuei
autuemos
auxilia-lo-ei
auxilia-lo-ia
auxiliai
auxiliando
auxiliar-lhe-ia
auxiliar-lhes-iam
auxiliar-lhes-ias
auxiliar-me-as
auxiliar-me-emos
auxiliar-nos
auxiliar-nos-ia
auxiliar-nos-iam
auxiliar-se-ia
auxiliar-te-emos
auxiliar-te-iam
auxiliareis
auxiliasse
auxiliaste
auxilieis
instalava
