100000
x
transcendentalizar-lhe-iamos
4110
10
antropomorfizar-nos-emos
ama-lo-iam
amacaca-lo-ao
amacacada
amacacando
amacacar-lhe-ias
amacacar-me-emos
amacacar-nos-emos
amacacar-te-a
amacacar-vos-as
amacacar-vos-eis
amacacar-vos-iam
amacacariamos
amacacasses
amacacavamos
amacaquem
amacaques
amachuca-la
amachuca-lo
amachucar-lhe-a
amachucar-lhes-as
amachucar-lhes-ias
amachucar-me-a
amachucar-nos-as
amachucaras
amachuquemos
amacia-lo
amaciais
amaciar-lhe-eis
amaciar-lhe-iam
amaciar-lhes-eis
amaciar-me-as
amaciar-se-a
amaciar-se-ia
amaciar-te-ias
amaciar-vos-ei
amaciara
amaciarao
amaciaremos
amaciarias
amacies
amacio
amadamente
amadrinha-lo-a
amadrinha-lo-ia
amadrinha-los
amadrinhadas
amadrinhais
amadrinhar-lhe-a
amadrinhar-lhe-iam
amadrinhar-lhes-ao
amadrinhar-lhes-ias
amadrinhar-nos
amadrinhar-nos-iamos
amadrinhar-se-ao
amadrinhareis
amadrinharemos
amadrinhassemos
amadrinhei
amadrinhou
amadurece-lo-ei
amadurecendo
amadurecer
amadurecer-lhes-ao
amadurecer-lhes-eis
amadurecer-me-a
amadurecer-me-as
amadurecer-me-ia
amadurecer-nos-ia
amadurecer-se-iam
amadurecer-vos-a
amadureceramos
amadurecereis
amadureceu
amainada
amainado
amainai
amainamos
amainamos
amainar-lha
amainar-lhes-ao
amainar-me-a
amainar-me-as
amainar-me-iamos
amainar-nos-ia
amainar-vos-as
amainar-vos-iamos
amainar-vos-ias
amainariamos
amainava
amainavas
amais
amalandrar-lha
amalandrar-lhe-as
amalandrar-lhes
amalandrar-me
amalandrar-me-ias
amalandrar-nos-emos
amalandrar-vos-ao
amalandraramos
amalandrassemos
amalandremos
amaldicoa
amaldicoa-los
amaldicoar-lha
amaldicoar-lhas
amaldicoar-lhe-a
amaldicoar-lhe-ao
amaldicoar-lhe-as
amaldicoar-lhe-eis
amaldicoar-lhes-a
amaldicoar-lhes-ei
amaldicoar-me-as
amaldicoar-nos-iam
amaldicoar-te-ei
amaldicoar-te-iam
amaldicoaremos
amaldicoaria
amaldicoasse
amaldicoasses
amalgama-lo-ao
amalgamado
amalgamados
amalgamamos
amalgamar-lha
amalgamar-lhe-ei
amalgamar-lhe-eis
amalgamar-lhe-iam
amalgamar-lhes-ao
amalgamar-me-iam
amalgamar-se-iam
amalgamar-te
amalgamar-te-iamos
amalgamar-te-ias
amalgamar-vos-a
amalgamar-vos-ao
amalgamar-vos-as
amalgamar-vos-ia
amalgamarao
amalgamariamos
amalgamas
amaluca-lo
amaluca-lo-emos
amaluca-lo-iam
amalucam
amalucar-lhe-ao
amalucar-lhes-emos
amalucar-me-eis
amalucar-nos-a
amalucar-se-a
amalucar-vos
amalucaras
amalucardes
amalucareis
amalucaremos
amalucasseis
amamenta-lo-eis
amamentador
amamentai
amamentais
amamentar-lhes-eis
amamentar-nos-eis
amamentar-te-a
amamentar-vos-ias
amamentar-vos-ieis
amamentaveis
amanhadas
amanhar-lhe-a
amanhar-lhe-ao
amanhar-lhe-ia
amanhar-lhos
amanhar-me-ias
amanhar-nos-ia
amanhar-te-ei
amanhar-te-iamos
amanhara
amanharei
amanhassem
amanhasses
amanhaste
amanhavam
amanhecendo
amanhecer-lhe-as
amanhecer-lhe-ias
amanhecer-lhes-ao
amanhecer-lhes-as
amanhecer-lhes-ei
amanhecer-lhes-eis
amanhecer-lhos
amanhecer-nos-iamos
amanhecera
amanhecereis
amanhecereis
amanheceremos
amanhecido
amanho
amansa
amansam
amansar-lhe-a
amansar-lhe-ei
amansar-lhe-iam
amansar-lhos
amansar-me-iamos
amansar-nos
amansar-nos-emos
amansar-nos-iam
amansar-nos-iamos
amansar-nos-ias
amansar-se-a
amansar-te
amansar-vos-ei
amansardes
amansarias
amansas
amansavas
amansaveis
amansem
amanso
amantiza-los
amantizados
amantizar-lha
amantizar-lhe-as
amantizar-lhe-iam
amantizar-lhes-ei
amantizar-te
amantizar-te-as
amantizar-te-emos
amantizar-vos-as
amantizar-vos-ei
amantizar-vos-eis
amantizar-vos-ias
amantizara
amantizariam
amantizasse
amantizassem
amar-me
amar-me-ias
amar-se-ao
amar-te-ia
amar-te-iam
amaram
amarar-me-ei
amarar-me-emos
amarar-nos-ia
amarar-se-ao
amarar-vos-ao
amarassem
amaraveis
amarelada
amarelando
amarelar
amarelecem
amarelecer-lhes-eis
amarelecer-lhes-iamos
amarelecer-me-as
amarelecer-me-iamos
amarelecer-nos-ias
amarelecer-te-emos
amarelecer-vos-as
amareleceras
amareleceremos
amareleis
amarelemos
amarfanha-lo-ao
amarfanha-lo-iam
amarfanha-los
amarfanhar-lhe-ao
amarfanhar-lhe-ia
amarfanhar-lhes-as
amarfanhar-lhes-ei
amarfanhar-lhes-ia
amarfanhar-nos-a
amarfanhar-se-a
amarfanhar-vos
amarfanhar-vos-ei
amarfanharem
amarfanhastes
amargar-lhe-ei
amargar-lhe-emos
amargar-lhe-iam
amargar-lhes-ia
amargar-me-ias
amargar-nos-ia
amargar-nos-iamos
amargar-nos-ias
amargar-te-emos
amargar-te-ia
amargar-te-iamos
amargar-vos-a
amargar-vos-ieis
amargareis
amargarem
amargaremos
amargasse
amargueis
amargura-lo-ao
amargura-lo-as
amargura-lo-emos
amargura-lo-ia
amarguramos
amargurar-lhe-eis
amargurar-lhe-ias
amargurar-nos-iam
amargurar-se-ia
amargurar-te-ei
amargurar-te-iam
amargurar-vos-ei
amargurar-vos-ias
amargurara
amarguraste
amargurava
amariam
amaricar
amaricar-lhe-ias
amaricar-lhes-eis
amaricar-me-ia
amaricar-nos-as
amaricar-nos-iam
amaricar-se-ia
amaricar-te-emos
amaricar-vos-eis
amaricarem
amaricarieis
amaricastes
amariqueis
amarra-lo-iamos
amarracao
amarramos
amarrar-lha
amarrar-lhe
amarrar-lhe-ao
amarrar-lhe-ei
amarrar-lhe-ia
amarrar-lhe-iam
amarrar-lhes-as
amarrar-nos-as
amarrar-te-as
amarrar-te-iamos
amarrar-vos-ei
amarraram
amarraras
amarraras
amarrarias
amarrarmos
amarrassemos
amarraste
amarrota-lo
amarrotado
amarrotamos
amarrotar-te-as
amarrotar-te-emos
amarrotar-vos-ao
amarrotaras
amarrotarem
amarrotei
amarrotem
amarrotemos
amartela-lo-ia
amartelais
amartelando
amartelar-lhe-a
amartelar-lhes
amartelar-me-ei
amartelar-nos-as
amartelar-se
amartelar-te
amartelar-te-emos
amartelardes
amartelareis
amartelarias
amartelavas
amartele
amarteleis
amaruja-lo-ei
amarujamos
amarujando
amarujar-lha
amarujar-lhe-a
amarujar-lhe-emos
amarujar-lhes-a
amarujar-lhes-as
amarujar-lhes-emos
amarujar-lhos
amarujar-se-ao
amarujarao
amarujares
amarujaria
amarujarieis
amarujarmos
amarujaste
amarujavas
amarujaveis
amassa-lo
amassai
amassar-lhe
amassar-lhe-ao
amassar-lhe-iamos
amassar-lhes-ias
amassar-me-ao
amassar-nos-ias
amassar-te-a
amassar-vos-iam
amassares
amassarieis
amassasse
amazelar-me
amazelar-me-as
amazelar-me-emos
amazelar-me-iam
amazelar-nos
amazelar-vos-as
amazelar-vos-eis
amazelar-vos-ia
amazelara
amazelareis
amazelares
amazelasseis
amazelemos
ambiciona-lo-emos
ambicionado
ambicionai
ambicionamos
ambicionar
ambicionar-lhes-as
ambicionar-me-ia
ambicionar-nos-as
ambicionar-nos-ia
ambicionar-nos-ias
ambicionar-se-a
ambicionar-te-emos
ambicionar-vos
ambicionar-vos-a
ambicionar-vos-ao
ambicionaras
ambicionarei
ambicionasse
ambicionassem
ambicionasses
ambicionastes
ambicionou
ambienta-lo-iamos
ambientalistas
ambientamos
ambientando
ambientar-lhe
ambientar-lhe-ias
ambientar-lhes-iam
ambientar-lhes-iamos
ambientar-me-iamos
ambientar-nos-iamos
ambientar-se-iam
ambientar-te-ia
ambientar-vos-ias
ambientara
ambientarei
ambientaria
ambientaste
ambientavam
ambiguidade
ambitos
amea-lo-a
amea-lo-ia
amea-lo-ieis
amea-los
ameacada
ameacai
ameacar
ameacar-lhas
ameacar-lhe-ias
ameacar-lhes-a
ameacar-me-a
ameacar-me-as
ameacar-nos
ameacar-nos-iamos
ameacar-te-a
ameacar-te-ias
ameacar-vos-ias
ameacares
ameacava
ameacavas
ameacemos
amealhadas
amealhar-lhos
amealhar-me-ei
amealhar-nos
amealhar-vos-ao
amealhara
amealhareis
amealhavam
amealhaveis
amealho
ameamos
amear-lhas
amear-lhe
amear-te-as
amear-te-ia
amear-vos-ei
ameareis
amearias
ameavamos
ameaveis
amedalha-lo-as
amedalhamos
amedalhar-lhas
amedalhar-lhe-eis
amedalhar-lhes-iamos
amedalhar-me-ao
amedalhar-me-eis
amedalhar-me-ia
amedalhar-nos-as
amedalhar-nos-eis
amedalhar-nos-emos
amedalhar-nos-ias
amedalhar-te-ias
amedalhar-vos-emos
amedalharamos
amedalharei
amedalhariamos
amedronta-lo-emos
amedrontada
amedrontar
amedrontar-lhes-ao
amedrontar-lhes-eis
amedrontar-me-a
amedrontar-nos-ias
amedrontar-te
amedrontar-te-ias
amedrontar-vos-eis
amedrontaras
amedrontaremos
amedrontarias
amedrontasse
amedrontavas
amedronte
amedrontem
ameiga-las
ameiga-lo-ei
ameigando
ameigar-lha
ameigar-lhe-ei
ameigar-lhes-a
ameigar-lhes-iamos
ameigar-me
ameigar-nos-ao
ameigar-vos-iamos
ameigaremos
ameigariamos
ameigavamos
ameiguei
ameijoa
ameijoa-lo-emos
ameijoa-lo-ias
ameijoa-lo-ieis
ameijoar-lhes-ao
ameijoar-lho
ameijoar-me-eis
ameijoar-me-ia
ameijoar-nos-iam
ameijoar-se-a
ameijoar-te
ameijoassemos
ameijoo
ameixas
ameixial
amena
amendoado
amendoados
ameninando
ameninar-lhes-a
ameninar-lhes-eis
ameninar-lhes-ia
ameninar-lhes-iamos
ameninar-me-as
ameninar-me-emos
ameninar-te-iamos
ameninar-vos-ieis
amenine
ameniza
ameniza-lo-ei
ameniza-lo-ias
amenizado
amenizadora
amenizar-lhe-iam
amenizar-lhes-ia
amenizar-lhes-iamos
amenizar-lhes-ias
amenizar-lho
amenizar-me-a
amenizar-me-ei
amenizar-me-eis
amenizar-me-iamos
amenizar-se-ao
amenizar-vos-ao
amenizar-vos-iamos
amenizaramos
amenizariamos
amenizaste
amenos
americanizamos
americanizando
americanizar-lhe-ia
americanizar-lhes-emos
americanizar-me-iam
americanizar-se
americanizar-se-a
americanizar-te
americanizar-te-a
americanizaras
americanizarem
americanizariamos
americanizas
americanizavamos
americanizes
amesquinha
amesquinha-la
amesquinha-las
amesquinhados
amesquinhamento
amesquinhando
amesquinhar-lhe-iam
amesquinhar-lhe-iamos
amesquinhar-lhes-as
amesquinhar-lhes-emos
amesquinhar-lhes-ias
amesquinhar-me-ei
amesquinhar-nos-iam
amesquinhar-se-a
amesquinhavam
amesquinhavamos
amesquinho
amestra-lo-iam
amestrados
amestrar-lhe-iam
amestrar-lhe-iamos
amestrar-lhes-ia
amestrar-lhos
amestrar-me-iamos
amestrar-nos-as
amestrar-vos
amestrar-vos-as
amestraram
amestrarei
amicissimos
amiga-lo-iam
amiga-lo-ias
amiga-los
amigados
amigam
amigamos
amigar-lhe-iam
amigar-lhes-ao
amigar-me-ao
amigar-me-emos
amigar-nos-emos
amigar-se-a
amigar-se-ao
amigar-te-a
amima-la
amima-lo-ieis
amimais
amimar-lhe-iamos
amimar-lhes-a
amimar-lhes-ao
amimar-lhes-iam
amimar-lho
amimar-lhos
amimar-se
amimar-te-ao
amimara
amimia
amimou
amiuda-las
amiuda-lo
amiudai-te
amiudais-lhas
amiudais-te
amiudais-vos
amiudam-lhos
amiudamos-lho
amiudamos-vos
amiudar-lhes-ao
amiudar-me-iam
amiudar-nos-emos
amiudar-se-ia
amiudar-te-ia
amiudar-vos
amiudaras
amiudaria
amiudas-lhes
amiudas-vos
amiudasse
amiude-me
amiudeis-se
amiudem-lhe
amiudemo-nos
amiudemos-se
amiudes-lhes
amiudes-me
amnistia-lo-ao
amnistia-lo-eis
amnistia-lo-ia
amnistia-lo-iamos
amnistiar-lhe-ao
amnistiar-me-ei
amnistiar-me-emos
amnistiar-me-ia
amnistiar-me-iam
amnistiar-nos-as
amnistiar-nos-emos
amnistiar-vos-as
amnistiar-vos-ei
amnistiar-vos-eis
amnistiara
amnistiara
amnistiaria
amnistias
amoeda-lo-a
amoeda-lo-ao
amoeda-lo-iamos
amoeda-lo-ias
amoeda-los
amoedai
amoedais
amoedar-lhe
amoedar-lhes-ao
amoedar-lhes-as
amoedar-me-ia
amoedar-me-iamos
amoedar-te-ao
amoedar-vos-ei
amoedar-vos-iamos
amoedaras
amoedarmos
amoedaveis
amofina
amofina-los
amofinamos
amofinar-lhe-ao
amofinar-lhes-ao
amofinar-lhes-as
amofinar-me-ei
amofinar-nos-emos
amofinar-nos-ias
amofinar-vos-as
amofinareis
amofinariamos
amofinarmos
amofinasse
amoira-lo-as
amoira-lo-iam
amoirar-lhes-a
amoirar-nos-as
amoirar-vos-ao
amoirar-vos-as
amoirara
amoirareis
amoirarem
amoiraste
amoita
amoitar-lhe-ei
amoitar-lhes-eis
amoitar-nos-iamos
amoitar-te-ao
amoitar-te-iam
amoitar-vos-emos
amoitara
amoitardes
amoitastes
amoitemos
amoja-la
amoja-lo-ias
amojar
amojar-lhe-a
amojar-lhe-ao
amojar-lhes-ia
amojar-lhes-ias
amojar-me-ao
amojar-nos-eis
amojar-se-a
amojar-se-iam
amojar-te-a
amojar-vos-emos
amojares
amojava
amojem
amojemos
amolacao
amoladas
amoladoras
amoladura
amolar
amolar-lhes
amolar-lhes-ei
amolar-me-as
amolar-me-ei
amolar-me-eis
amolar-me-emos
amolar-nos
amolar-nos-emos
amolar-se-ao
amolar-te-emos
amolardes
amolasse
amolavamos
amolda-lo-ei
amolda-lo-eis
amoldamos
amoldar-lhes-ao
amoldar-lhes-iam
amoldar-lhes-ias
amoldar-te-ia
amoldaras
amoldassemos
amoldavamos
amole
amoleca
amolecais
amolecando
amolecar-lhe-iamos
amolecar-lhes-ia
amolecar-lhes-iamos
amolecar-me-ias
amolecar-nos-a
amolecar-te-a
amolecar-vos-emos
amolecareis
amolecarmos
amolecer-lha
amolecer-lhes-a
amolecer-lhes-ei
amolecer-lhes-ias
amolecer-lho
amolecer-me-ao
amolecer-me-eis
amolecer-nos-emos
amoleceste
amolecias
amolecidos
amolecieis
amolenga-los
amolengadas
amolengados
amolengai
amolengando
amolengar-lha
amolengar-lhes-ao
amolengar-me-a
amolengar-me-ias
amolengar-se-ia
amolengar-se-iam
amolengar-te-ias
amolengastes
amolenta-las
amolenta-lo-a
amolentar-lhe-as
amolentar-lhe-ias
amolentar-lhes-a
amolentar-me-iamos
amolentar-te-a
amolentar-vos-ia
amolentara
amolentaram
amolentares
amolentasseis
amolentavam
amolentavamos
amolequemos
amolga-las
amolgais
amolgar-lhes-ao
amolgar-lhes-ia
amolgar-me-eis
amolgar-nos-iam
amolgar-se-ao
amolgar-vos
amolgardes
amolgarei
amolgariam
amolgariamos
amolguei
amolgueis
amonio
amonta-lo-a
amontam
amontanha-lo-a
amontanhada
amontanhando
amontanhar-lhes-iam
amontanhar-me
amontanhar-se-iam
amontanhar-te-ei
amontanhar-vos-a
amontanhar-vos-ieis
amontanharemos
amontanhassemos
amontanhaste
amontar-lhes-eis
amontar-me
amontar-me-ao
amontar-me-iam
amontar-nos-emos
amontar-te
amontar-te-iamos
amontarieis
amontarmos
amonteis
amontoa-lo-as
amontoacoes
amontoada
amontoador
amontoam
amontoar
amontoar-lhe-as
amontoar-te-ei
amontoar-te-iam
amontoar-vos-a
amontoar-vos-as
amontoar-vos-iam
amontoar-vos-iamos
amontoara
amontoaras
amontoaras
amontoaste
amontoava
amontoavamos
amontoei
amontoo
amontoou
amor
amoralidade
amoraliza-lo-eis
amoraliza-lo-iam
amoralizados
amoralizar-lhes
amoralizar-me-ia
amoralizar-nos-iamos
amoralizar-se
amoralizar-te
amoralizar-vos-a
amoralizar-vos-as
amoralizaram
amoralizaras
amoralizarei
amoralizasseis
amoralizavas
amorangado
amordaca-lo-ias
amordacado
amordacar
amordacar-me-as
amordacar-me-iamos
amordacar-me-ias
amordacar-nos-ia
amordacar-te
amordacar-te-iam
amordacarei
amordacassemos
amordace
amordacou
amorena-lo-iamos
amorenais
amorenar-lha
amorenar-lhe-iamos
amorenar-lhes-iam
amorenar-lhes-iamos
amorenar-me-a
amorenar-nos
amorenar-se-ao
amorenar-te-ao
amorenar-te-ei
amorenar-te-emos
amorenar-vos
amorenar-vos-ei
amorenaras
amorenarei
amorenaremos
amorenariamos
amorfas
amorfias
amorna-lo-emos
amorna-lo-iamos
amornadas
amornara
amornara
amornasseis
amornassemos
amornaste
amorrinhada
amorrinhar-lha
amorrinhar-lhas
amorrinhar-lhe-eis
amorrinhar-lhe-ias
amorrinhar-lhes-ei
amorrinhar-me-iamos
amorrinhar-nos-as
amorrinhar-te-emos
amorrinhar-te-ias
amorrinharam
amorrinharao
amorrinhares
amorrinhas
amorrinhassem
amorrinhava
amortalha-la
amortalha-lo-eis
amortalha-lo-ias
amortalhador
amortalhamento
amortalhar-lha
amortalhar-lhas
amortalhar-lhe-ei
amortalhar-lhes-ao
amortalhar-lhes-ia
amortalhar-me-ei
amortalhar-te-iamos
amortalhar-vos-a
amortecas
amortece
amortece-las
amortece-lo-ao
amortecedor
amorteceis
amortecer-lhe-iamos
amortecer-lhes-eis
amortecer-lhes-ia
amortecer-lho
amortecer-nos-a
amortecer-te-ias
amortecer-vos-ao
amortecer-vos-eis
amortecer-vos-iamos
amortecermos
amorteci
amortica-lo-ei
amortica-lo-ias
amorticado
amorticam
amorticar-lhe-iamos
amorticar-lhes-as
amorticar-me-a
amorticar-me-ei
amorticar-me-iam
amorticar-nos-ao
amorticar-se
amorticar-se-ia
amorticar-vos-ei
amorticareis
amortico
amortiza-lo-ia
amortizados
amortizar-lhe-ias
amortizar-nos-a
amortizar-nos-emos
amortizar-vos-emos
amortizaras
amortizarem
amortizava
amortizavamos
amortizaveis
amossa-las
amossado
amossar-lhe-ei
amossar-lhe-emos
amossar-lhes-ei
amossar-me-ia
amossar-nos-ao
amossar-se-a
amossar-te-ias
amossar-vos
amossar-vos-a
amossarmos
amossava
amossavamos
amossou
amostrado
amostrar-lhe
amostrar-me-ei
amostrar-me-iamos
amostrar-nos-ia
amostrar-nos-iam
amostrar-te-as
amostrar-te-iamos
amostraras
amostrarei
amostrariam
amostrarias
amostrarmos
amostrastes
amostreis
amotina-lo-iam
amotinam
amotinar-lhe-a
amotinar-me
amotinar-me-ei
amotinar-me-eis
amotinar-me-ia
amotinar-nos-ias
amotinar-se-a
amotinar-te-ias
amotinar-vos-ao
amotinar-vos-as
amotinar-vos-eis
amotinar-vos-iam
amotinares
amotinarias
amotinassem
amotinastes
amotinei
amotino
amou
amoucar-lhes-iamos
amoucar-me-a
amoucar-me-eis
amoucar-nos
amoucarem
amoucaremos
amoucariam
amoucarmos
amoucasseis
amoucavamos
amoucou
amouqueis
amoura-lo-ei
amoura-lo-iamos
amoura-lo-ieis
amourando
amourar
amourar-lha
amourar-lhe-ao
amourar-lhe-iam
amourar-nos
amourar-se
amourar-se-a
amourar-te-iam
amouraram
amourarias
amourassemos
amourastes
amourisca-las
amourisca-lo-ei
amourisca-lo-ieis
amouriscadas
amouriscando
amouriscassemos
amouriscasses
amouriscaste
amourisco
amovamos
amover-lhe-ei
amover-lhes-a
amover-me-iam
amover-nos-iamos
amovera
amoverao
amoveras
amoverdes
amoverias
amovermos
ampara-lo-ieis
amparadas
amparais
amparando
amparar-lhes-as
amparar-lhes-iam
amparar-lhos
amparar-me-a
amparar-me-iam
amparar-nos
amparar-nos-a
amparar-nos-as
amparar-nos-eis
amparar-vos-emos
amparariam
ampararmos
ampare
ampareis
amperimetro
ampla
amplia-lo-a
amplia-lo-iamos
ampliar-lha
ampliar-lhe-as
ampliar-lhe-ei
ampliar-lhe-iamos
ampliar-lhes-ei
ampliar-me
ampliar-nos-eis
ampliar-se-iam
ampliar-te-ao
ampliar-te-as
ampliar-vos-eis
ampliar-vos-emos
ampliar-vos-ias
ampliaras
ampliarieis
ampliavas
ampliem
amplifica-lo-eis
amplificadas
amplificador
amplificar-lhe-ia
amplificar-lhes-ei
amplificar-me-iam
amplificar-vos-ei
amplificar-vos-eis
amplificara
amplificaramos
amplificavas
amplificavel
amputa-lo-ei
amputamos
amputar-lhes-ao
amputar-lhes-eis
amputar-lhes-iam
amputar-me
amputar-me-a
amputar-nos-ia
amputar-nos-iam
amputar-te
amputar-te-ao
amputar-te-iam
amputar-vos-emos
amputaras
amputaria
amputassemos
amua-lo-ei
amuadas
amuar-lha
amuar-lhe-emos
amuar-lhes-emos
amuar-me-eis
amuar-me-emos
amuar-te-ei
amuar-te-ia
amuarmos
amuassem
amuasses
amuaste
amues
amuletos
amulheradas
amulheram
amulherando
amulherar-lhes-ao
amulherar-se
amulherar-te-as
amulherar-vos-a
amulherar-vos-emos
amulheravamos
amulherengar-lha
amulherengar-lhe-iamos
amulherengar-lhe-ias
amulherengar-lhes-as
amulherengar-lhes-emos
amulherengar-nos-eis
amulherengar-se-ia
amulherengar-vos-ias
amulherengaras
amulherengarei
amumiais
amumiar-lhes-ao
amumiar-lhes-iamos
amumiar-lhos
amumiar-se
amumiar-te-a
amumiar-vos-ia
amumiasseis
amumiaste
amumiei
amuou
amura-lo-as
amurai
amuralha-lo-a
amuralhar-lhe-emos
amuralhar-lhe-ia
amuralhar-me-emos
amuralhar-nos-ias
amuralhar-se
amuralhar-te-a
amuralhar-te-iamos
amuralhar-vos-ia
amuralhardes
amuralharem
amuralharemos
amuralhaste
amuralhavam
amuramos
amurando
amurar
amurar-lhas
amurar-lhe-ao
amurar-lhes-ao
amurar-vos
amurar-vos-as
amurara
amurara
amurassem
amurasses
amuremos
ementadas
