100000
ii
transcendentalizar-nos-iamos
801
13
mobilizar-lhes-iamos
digais
digas
digastrico
digeri-lo-ao
digeriam
digeridos
digerindo
digerir-lhas
digerir-lhes-iamos
digerir-se
digerir-te-ao
digeriria
digeririas
digestivel
digita-lo
digita-lo-a
digital
digitaliza-lo-iamos
digitalizacao
digitalizado
digitalizai
digitalizar-lhes-a
digitalizar-lhos
digitalizar-me-as
digitalizar-me-ias
digitalizar-nos-ia
digitalizar-nos-iam
digitalizar-te-emos
digitalizar-vos-ieis
digitalizaramos
digitalizarei
digitalizas
digitalizaveis
digitam
digitamos
digitar-lhe-ei
digitar-lhe-iam
digitar-lhes
digitar-lhes-eis
digitar-me-a
digitar-nos-iam
digitar-vos
digitar-vos-as
digitar-vos-eis
digitaveis
digite
digitou
dignar-lhes-a
dignar-lhes-iamos
dignar-lhos
dignar-me-a
dignar-me-emos
dignar-nos-iam
dignar-te-a
dignar-vos
dignar-vos-a
dignar-vos-eis
dignaras
dignarem
dignariamos
dignarieis
dignasse
digneis
dignidade
dignidades
dignifica-lo-as
dignifica-lo-emos
dignifica-lo-iam
dignifica-los
dignificador
dignificadora
dignificar-lhe-ao
dignificar-nos-iam
dignificar-nos-ias
dignificaram
dignificares
dignificassem
dignificasses
dignifiquemos
digressionar
digressionar-lhe
digressionar-lhe-ias
digressionar-lhes
digressionar-lho
digressionar-me-eis
digressionar-nos-ao
digressionar-se-ia
digressionar-vos-ao
digressionar-vos-eis
digressionara
digressionaria
digressionarias
digressionarieis
digressionas
digressionasse
digressionava
barrar-vos-a
