100000
mo
transcendentalizar-lhes-emos
7222
14
amanhecer-lhes-iamos
ajais
ajam
ajanota-lo-ias
ajanotadas
ajanotai
ajanotais
ajanotamos
ajanotar-lhe-ao
ajanotar-lhe-ei
ajanotar-lhe-emos
ajanotar-lhes-ias
ajanotar-me-as
ajanotar-nos-iamos
ajanotar-se-ia
ajanotara
ajanotaria
ajanotarias
ajanotas
ajanoteis
ajardina-lo-eis
ajardinada
ajardinamentos
ajardinamos
ajardinar-lhes-ias
ajardinar-me-a
ajardinar-nos
ajardinar-nos-emos
ajardinar-nos-iam
ajardinar-te
ajardinar-te-ei
ajardinar-te-iamos
ajardinar-vos-a
ajardinareis
ajardinavas
ajeita-lo-ia
ajeita-lo-iam
ajeita-los
ajeitando
ajeitar-lhes
ajeitar-me-ei
ajeitar-nos-as
ajeitar-se
ajeitar-te-iamos
ajeitar-vos-ia
ajeitar-vos-ieis
ajeitaras
ajeitaveis
ajeite
ajeites
ajoelha-lo-ao
ajoelhar-lhes-emos
ajoelhar-me-ias
ajoelhar-nos-iam
ajoelhar-nos-ias
ajoelhar-vos-ia
ajoelhar-vos-iam
ajoelharas
ajoelhas
ajoelhaste
ajoelhava
ajornala-lo-as
ajornala-lo-ei
ajornala-lo-eis
ajornalar
ajornalar-lhos
ajornalar-nos-emos
ajornalar-te-emos
ajornalar-te-iam
ajornalar-te-iamos
ajornalar-vos-ao
ajornalar-vos-eis
ajornalaras
ajornalarei
ajornalarem
ajornalas
ajornalastes
ajornalem
ajornalo
ajouja-la
ajouja-lo-a
ajouja-lo-iam
ajouja-lo-ias
ajoujam
ajoujando
ajoujar-lhes-eis
ajoujar-lho
ajoujar-me-ao
ajoujar-me-eis
ajoujar-nos-ao
ajoujar-vos-as
ajoujar-vos-ei
ajoujar-vos-ias
ajoujaram
ajoujardes
ajoujareis
ajoujarem
ajoujaremos
ajoujares
ajoujastes
ajoujava
ajoujou
ajuda-lo-ias
ajudar-lhe-ei
ajudar-lhe-ias
ajudar-lhes
ajudar-lhes-ias
ajudar-me-ao
ajudar-me-ia
ajudar-se-ao
ajudar-te-ao
ajudar-vos-a
ajudar-vos-ia
ajudareis
ajudasses
ajudem
ajuiza-lho
ajuiza-lo
ajuiza-lo-ia
ajuizada
ajuizado
ajuizam-lhas
ajuizam-se
ajuizamos-lha
ajuizamos-se
ajuizar-lha
ajuizar-lhe-iam
ajuizar-lhes-emos
ajuizar-lhes-iam
ajuizar-me
ajuizar-me-eis
ajuizar-nos-iam
ajuizar-nos-iamos
ajuizar-se-ia
ajuizara
ajuizas-lho
ajuizassemos
ajuize-lhes
ajuize-nos
ajuizem
ajuizem-te
ajuizo-lha
ajuizo-se
ajuizou
ajuntada
ajuntador
ajuntados
ajuntai
ajuntais
ajuntar-me-a
ajuntar-me-ao
ajuntar-me-iam
ajuntar-te-iam
ajuntar-te-iamos
ajuntar-te-ias
ajuntar-vos-ao
ajuntara
ajuntara
ajuntareis
ajuntaremos
ajuntares
ajuntarias
ajuntem
ajunto
ajuramentacao
ajuramentacoes
ajuramentar-lho
ajuramentar-lhos
ajuramentar-nos-iam
ajuramentaramos
ajuramentarem
ajuramento
ajusta-lo-ia
ajustando
ajustar-lhe-ao
ajustar-me-a
ajustar-me-ei
ajustar-me-iam
ajustar-nos-eis
ajustar-vos-emos
ajustar-vos-ia
ajustar-vos-ias
ajustarao
ajustassem
ajustica-lo-emos
ajusticadas
ajusticam
ajusticamos
ajusticar-lhas
ajusticar-me-ias
ajusticar-te-iam
ajusticar-vos-iamos
ajusticaramos
ajusticaras
ajusticas
ajusticassem
ajustice
desembarcamentos
