100000
mo
internacionalizar-lhes-iamos
2284
12
internacionalizar-lhes-iamos
aviva-la
aviva-las
avivadas
avivado
avivadora
avivadoras
avivai
avivar-lhe-eis
avivar-lhe-iam
avivar-lhes-a
avivar-lhes-ei
avivar-nos-ao
avivar-nos-iam
avivar-nos-iamos
avivar-te-iam
avivarao
avivardes
avivaremos
avivares
avivarieis
aviventa-lo-ia
aviventa-lo-ieis
aviventadores
aviventar-lhe-ao
aviventar-lhe-emos
aviventar-lhes-as
aviventar-se
aviventar-te-a
aviventar-te-emos
aviventar-vos-a
aviventar-vos-ei
aviventar-vos-emos
aviventar-vos-iamos
aviventaras
aviventareis
aviventarem
aviventarieis
aviventaste
aviventavam
coloraremos
